Arguments: 
  /usr/local/Cellar/node/13.7.0/bin/node /Users/marcofaggian/.yarn/bin/yarn.js init -Y

PATH: 
  /Users/marcofaggian/opt/anaconda3/bin:/Users/marcofaggian/opt/anaconda3/condabin:/Users/marcofaggian/.yarn/bin:/Users/marcofaggian/.config/yarn/global/node_modules/.bin:/usr/local/bin:/usr/bin:/bin:/usr/sbin:/sbin:/usr/local/share/dotnet:/opt/X11/bin:~/.dotnet/tools:/Library/Apple/usr/bin:/Users/marcofaggian/Library/Android/sdk/emulator:/Users/marcofaggian/Library/Android/sdk/tools:/Users/marcofaggian/Library/Android/sdk/tools/bin:/Users/marcofaggian/Library/Android/sdk/platform-tools

Yarn version: 
  1.21.1

Node version: 
  13.7.0

Platform: 
  darwin x64

Trace: 
  Error: canceled
      at Interface.<anonymous> (/Users/marcofaggian/.yarn/lib/cli.js:136925:13)
      at Interface.emit (events.js:321:20)
      at Interface._ttyWrite (readline.js:864:16)
      at ReadStream.onkeypress (readline.js:203:10)
      at ReadStream.emit (events.js:321:20)
      at emitKeys (internal/readline/utils.js:450:14)
      at emitKeys.next (<anonymous>)
      at ReadStream.onData (readline.js:1131:36)
      at ReadStream.emit (events.js:321:20)
      at addChunk (_stream_readable.js:297:12)

npm manifest: 
  No manifest

yarn manifest: 
  No manifest

Lockfile: 
  No lockfile
